[systemsettings.cpp:208]: System memory:   65467MB
[systemsettings.cpp:215]: CPU speed:       0MHz
[systemsettings.cpp:220]: Number of processors: 16
[systemsettings.cpp:226]: CPU type: x64
[systemsettings.cpp:281]: OS: Windows 8     Build: 9200
[gfx_dx9.cpp:4080]: Loading settings for adapter -1, fullscreen=0, multisample=15
[gfx_dx9.cpp:4112]: Graphic Adapters: 
[gfx_dx9.cpp:4120]: 	0: NVIDIA GeForce RTX 2070 SUPER
[gfx_dx9.cpp:4120]: 	1: NVIDIA GeForce RTX 2070 SUPER
[gfx_dx9.cpp:4142]: Using Adapter [0] to check for multi-sampling support:
[gfx_dx9.cpp:4161]: Using Adapter [0]:
[gfx_dx9.cpp:4170]: Graphics device: NVIDIA GeForce RTX 2070 SUPER
[gfx_dx9.cpp:4171]: Graphics driver: nvldumdx.dll
[gfx_dx9.cpp:4172]: Driver version: 1215
[gfx_dx9.cpp:4215]: Attempting to Create Device for Adapter 0 ...
[gfx_dx9.cpp:4222]: Succeeded to create a device [D3DCREATE_HARDWARE_VERTEXPROCESSING].
[gfx_dx9.cpp:4275]: 


Dumping all gfx info:
DeviceIdentifier:	{D7B71E3E-5D87-11CF-D177-A5330EC2D335}
VendorId:	4318
DeviceId:	7879
SubSysId:	329912542
Revision:	161
DriverVersion.HighPart:	1966080
DriverVersion.LowPart:	984255


[gfx_dx9.cpp:4294]: Instancing supported.
[gfx_dx9.cpp:4304]: Video memory amount: 8011MB
[gfx_dx9.cpp:4305]: MaxSimultaneousTextures: 8
[gfx_dx9.cpp:4306]: MaxVertexBlendMatrices: 4
[gfx_dx9.cpp:4307]: MaxVertexBlendMatrixIndex: 8
[gfx_dx9.cpp:4308]: MaxSimultaneousTextures: 8
[gfx_dx9.cpp:4309]: MaxTextureBlendStages: 8
[gfx_dx9.cpp:4310]: MaxTextureWidth: 16384
[gfx_dx9.cpp:4311]: MaxTextureHeight: 16384
[gfx_dx9.cpp:4314]: Vertex Shader version: 3.0
[gfx_dx9.cpp:4320]: Pixel Shader version: 3.0
[graphicssettings.cpp:153]: 	2 samples supported.
[graphicssettings.cpp:153]: 	4 samples supported.
[graphicssettings.cpp:153]: 	8 samples supported.
[graphicssettings.cpp:191]: Support for Anisotropic filtering found.
[graphicssettings.cpp:195]: 	Max Anisotropic filtering supported: 16
[graphicssettings.cpp:196]: 	Anisotropic filtering set to: 4
[main.cpp:1524]: EU4 Version Mar 24 2022 : 14:05:32
[main.cpp:1533]: Creating application...
[main.cpp:1579]: Initializing application...
[main.cpp:1580]: Language: l_english
[eu4application.cpp:557]: Initializing application...
[eu4application.cpp:564]: Done initializing application
[eu4application.cpp:571]: Loading cursor...
[eu4application.cpp:645]: Done loading cursor
[eu4application.cpp:647]: Initializing sound...
[eu4application.cpp:662]: Done initializing sound
[eu4application.cpp:664]: Initializing graphics...
[graphicssettings.cpp:730]: Using multisampling: 8
[graphics.cpp:815]: Creating device with: HARDWARE_VERTEXPROCESSING
	Fullscreen=no
	Resolution=3840x2160
[graphicssettings.cpp:698]: Usable res: 640 480 59
[graphicssettings.cpp:698]: Usable res: 640 480 75
[graphicssettings.cpp:698]: Usable res: 720 480 60
[graphicssettings.cpp:698]: Usable res: 720 576 50
[graphicssettings.cpp:698]: Usable res: 800 600 60
[graphicssettings.cpp:698]: Usable res: 800 600 75
[graphicssettings.cpp:698]: Usable res: 1024 768 60
[graphicssettings.cpp:698]: Usable res: 1024 768 75
[graphicssettings.cpp:698]: Usable res: 1152 864 60
[graphicssettings.cpp:698]: Usable res: 1152 864 75
[graphicssettings.cpp:698]: Usable res: 1176 664 50
[graphicssettings.cpp:698]: Usable res: 1176 664 60
[graphicssettings.cpp:698]: Usable res: 1280 720 60
[graphicssettings.cpp:698]: Usable res: 1280 720 50
[graphicssettings.cpp:698]: Usable res: 1280 768 60
[graphicssettings.cpp:698]: Usable res: 1280 800 60
[graphicssettings.cpp:698]: Usable res: 1280 960 60
[graphicssettings.cpp:698]: Usable res: 1280 960 75
[graphicssettings.cpp:698]: Usable res: 1280 1024 60
[graphicssettings.cpp:698]: Usable res: 1280 1024 75
[graphicssettings.cpp:698]: Usable res: 1360 768 60
[graphicssettings.cpp:698]: Usable res: 1366 768 60
[graphicssettings.cpp:698]: Usable res: 1600 900 60
[graphicssettings.cpp:698]: Usable res: 1600 1024 59
[graphicssettings.cpp:698]: Usable res: 1600 1200 59
[graphicssettings.cpp:698]: Usable res: 1680 1050 59
[graphicssettings.cpp:698]: Usable res: 1920 1080 60
[graphicssettings.cpp:698]: Usable res: 1920 1080 50
[graphicssettings.cpp:698]: Usable res: 1920 1080 30
[graphicssettings.cpp:698]: Usable res: 1920 1080 25
[graphicssettings.cpp:698]: Usable res: 1920 1080 24
[graphicssettings.cpp:698]: Usable res: 1920 1080 23
[graphicssettings.cpp:698]: Usable res: 1920 1200 59
[graphicssettings.cpp:698]: Usable res: 1920 1440 59
[graphicssettings.cpp:698]: Usable res: 2048 1536 60
[graphicssettings.cpp:698]: Usable res: 2048 1536 50
[graphicssettings.cpp:698]: Usable res: 2048 1536 30
[graphicssettings.cpp:698]: Usable res: 2048 1536 25
[graphicssettings.cpp:698]: Usable res: 2048 1536 24
[graphicssettings.cpp:698]: Usable res: 2048 1536 23
[graphicssettings.cpp:698]: Usable res: 2560 1440 59
[graphicssettings.cpp:698]: Usable res: 2560 1600 60
[graphicssettings.cpp:698]: Usable res: 2560 1600 50
[graphicssettings.cpp:698]: Usable res: 2560 1600 30
[graphicssettings.cpp:698]: Usable res: 2560 1600 25
[graphicssettings.cpp:698]: Usable res: 2560 1600 24
[graphicssettings.cpp:698]: Usable res: 2560 1600 23
[graphicssettings.cpp:698]: Usable res: 3840 2160 60
[graphicssettings.cpp:698]: Usable res: 3840 2160 50
[graphicssettings.cpp:698]: Usable res: 3840 2160 30
[graphicssettings.cpp:698]: Usable res: 3840 2160 25
[graphicssettings.cpp:698]: Usable res: 3840 2160 24
[graphicssettings.cpp:698]: Usable res: 3840 2160 23
[graphicssettings.cpp:698]: Usable res: 1920 2160 60
[graphicssettings.cpp:698]: Usable res: 1920 2160 50
[graphicssettings.cpp:698]: Usable res: 1920 2160 30
[graphicssettings.cpp:698]: Usable res: 1920 2160 25
[graphicssettings.cpp:698]: Usable res: 1920 2160 24
[graphicssettings.cpp:698]: Usable res: 1920 2160 23
[graphicssettings.cpp:698]: Usable res: 1440 900 60
[graphics.cpp:849]: Done creating device.
[eu4application.cpp:784]: Done initializing graphics
[main.cpp:1682]: Running application...
[graphicssettings.cpp:730]: Using multisampling: 8
[graphicssettings.cpp:730]: Using multisampling: 8
[graphicssettings.cpp:730]: Using multisampling: 8
[graphicssettings.cpp:730]: Using multisampling: 8
